<?xml version="1.0" encoding="UTF-8"?>
<!-- Generated by org.testng.reporters.JUnitXMLReporter -->
<testsuite ignored="0" hostname="DESKTOP-M395F3J" failures="1" tests="1" name="edge2" time="46.662" errors="0" timestamp="2022-08-06T16:59:46 IST">
  <testcase classname="parallel_testNG.CT2" name="openChrome" time="46.561">
    <failure type="org.openqa.selenium.WebDriverException" message="unknown error: MSEdge failed to start: exited normally.
  (chrome not reachable)
  (The process started from msedge location C:\Program Files (x86)\Microsoft\Edge\Application\msedge.exe is no longer running, so MSEdgeDriver is assuming that MSEdge has crashed.)
Build info: version: &amp;apos;3.141.59&amp;apos;, revision: &amp;apos;e82be7d358&amp;apos;, time: &amp;apos;2018-11-14T08:25:48&amp;apos;
System info: host: &amp;apos;DESKTOP-M395F3J&amp;apos;, ip: &amp;apos;192.168.43.254&amp;apos;, os.name: &amp;apos;Windows 10&amp;apos;, os.arch: &amp;apos;amd64&amp;apos;, os.version: &amp;apos;10.0&amp;apos;, java.version: &amp;apos;17.0.2&amp;apos;
Driver info: driver.version: EdgeDriver
remote stacktrace: Backtrace:
	Microsoft::Applications::Events::EventProperties::unpack [0x00007FF661A792F2+24834]
	Microsoft::Applications::Events::time_ticks_t::time_ticks_t [0x00007FF6619B6752+523442]
	Ordinal0 [0x00007FF6614B13B5+660405]
	Ordinal0 [0x00007FF6614D809E+819358]
	Ordinal0 [0x00007FF6614D34B0+799920]
	Ordinal0 [0x00007FF66150D49D+1037469]
	Ordinal0 [0x00007FF661507BB3+1014707]
	Ordinal0 [0x00007FF6614DEAE0+846560]
	Ordinal0 [0x00007FF6614DFED8+851672]
	Microsoft::Applications::Events::EventProperty::to_string [0x00007FF66167A6E8+846504]
	Microsoft::Applications::Events::EventProperty::EventProperty [0x00007FF66176ACA1+36529]
	Microsoft::Applications::Events::EventProperty::EventProperty [0x00007FF66176DFC2+49618]
	Microsoft::Applications::Events::EventProperty::to_string [0x00007FF6615B3566+31014]
	Microsoft::Applications::Events::time_ticks_t::time_ticks_t [0x00007FF6619BD6D1+551985]
	Microsoft::Applications::Events::time_ticks_t::time_ticks_t [0x00007FF6619C21E4+571204]
	Microsoft::Applications::Events::time_ticks_t::time_ticks_t [0x00007FF6619C233D+571549]
	Microsoft::Applications::Events::time_ticks_t::time_ticks_t [0x00007FF6619CB46E+608718]
	BaseThreadInitThunk [0x00007FFAC9647034+20]
	RtlUserThreadStart [0x00007FFACB102651+33]
">
      <![CDATA[org.openqa.selenium.WebDriverException: unknown error: MSEdge failed to start: exited normally.
  (chrome not reachable)
  (The process started from msedge location C:\Program Files (x86)\Microsoft\Edge\Application\msedge.exe is no longer running, so MSEdgeDriver is assuming that MSEdge has crashed.)
Build info: version: '3.141.59', revision: 'e82be7d358', time: '2018-11-14T08:25:48'
System info: host: 'DESKTOP-M395F3J', ip: '192.168.43.254', os.name: 'Windows 10', os.arch: 'amd64', os.version: '10.0', java.version: '17.0.2'
Driver info: driver.version: EdgeDriver
remote stacktrace: Backtrace:
Microsoft::Applications::Events::EventProperties::unpack [0x00007FF661A792F2+24834]
Microsoft::Applications::Events::time_ticks_t::time_ticks_t [0x00007FF6619B6752+523442]
Ordinal0 [0x00007FF6614B13B5+660405]
Ordinal0 [0x00007FF6614D809E+819358]
Ordinal0 [0x00007FF6614D34B0+799920]
Ordinal0 [0x00007FF66150D49D+1037469]
Ordinal0 [0x00007FF661507BB3+1014707]
Ordinal0 [0x00007FF6614DEAE0+846560]
Ordinal0 [0x00007FF6614DFED8+851672]
Microsoft::Applications::Events::EventProperty::to_string [0x00007FF66167A6E8+846504]
Microsoft::Applications::Events::EventProperty::EventProperty [0x00007FF66176ACA1+36529]
Microsoft::Applications::Events::EventProperty::EventProperty [0x00007FF66176DFC2+49618]
Microsoft::Applications::Events::EventProperty::to_string [0x00007FF6615B3566+31014]
Microsoft::Applications::Events::time_ticks_t::time_ticks_t [0x00007FF6619BD6D1+551985]
Microsoft::Applications::Events::time_ticks_t::time_ticks_t [0x00007FF6619C21E4+571204]
Microsoft::Applications::Events::time_ticks_t::time_ticks_t [0x00007FF6619C233D+571549]
Microsoft::Applications::Events::time_ticks_t::time_ticks_t [0x00007FF6619CB46E+608718]
BaseThreadInitThunk [0x00007FFAC9647034+20]
RtlUserThreadStart [0x00007FFACB102651+33]

at org.openqa.selenium.remote.W3CHandshakeResponse.lambda$errorHandler$0(W3CHandshakeResponse.java:62)
at org.openqa.selenium.remote.HandshakeResponse.lambda$getResponseFunction$0(HandshakeResponse.java:30)
at org.openqa.selenium.remote.ProtocolHandshake.lambda$createSession$0(ProtocolHandshake.java:126)
at java.base/java.util.stream.ReferencePipeline$3$1.accept(ReferencePipeline.java:197)
at java.base/java.util.Spliterators$ArraySpliterator.tryAdvance(Spliterators.java:1002)
at java.base/java.util.stream.ReferencePipeline.forEachWithCancel(ReferencePipeline.java:129)
at java.base/java.util.stream.AbstractPipeline.copyIntoWithCancel(AbstractPipeline.java:527)
at java.base/java.util.stream.AbstractPipeline.copyInto(AbstractPipeline.java:513)
at java.base/java.util.stream.AbstractPipeline.wrapAndCopyInto(AbstractPipeline.java:499)
at java.base/java.util.stream.FindOps$FindOp.evaluateSequential(FindOps.java:150)
at java.base/java.util.stream.AbstractPipeline.evaluate(AbstractPipeline.java:234)
at java.base/java.util.stream.ReferencePipeline.findFirst(ReferencePipeline.java:647)
at org.openqa.selenium.remote.ProtocolHandshake.createSession(ProtocolHandshake.java:128)
at org.openqa.selenium.remote.ProtocolHandshake.createSession(ProtocolHandshake.java:74)
at org.openqa.selenium.remote.HttpCommandExecutor.execute(HttpCommandExecutor.java:136)
at org.openqa.selenium.remote.service.DriverCommandExecutor.execute(DriverCommandExecutor.java:83)
at org.openqa.selenium.remote.RemoteWebDriver.execute(RemoteWebDriver.java:552)
at org.openqa.selenium.remote.RemoteWebDriver.startSession(RemoteWebDriver.java:213)
at org.openqa.selenium.remote.RemoteWebDriver.<init>(RemoteWebDriver.java:131)
at org.openqa.selenium.edge.EdgeDriver.<init>(EdgeDriver.java:141)
at org.openqa.selenium.edge.EdgeDriver.<init>(EdgeDriver.java:96)
at parallel_testNG.CT2.openChrome(CT2.java:40)
at java.base/java.util.ArrayList.forEach(ArrayList.java:1511)
at java.base/java.util.concurrent.FutureTask.run(FutureTask.java:264)
at java.base/java.util.concurrent.ThreadPoolExecutor.runWorker(ThreadPoolExecutor.java:1136)
at java.base/java.util.concurrent.ThreadPoolExecutor$Worker.run(ThreadPoolExecutor.java:635)
at java.base/java.lang.Thread.run(Thread.java:833)
... Removed 23 stack frames]]>
    </failure>
  </testcase> <!-- openChrome -->
</testsuite> <!-- edge2 -->
